<?xml version="1.0" encoding="UTF-8"?>
<!-- Generated by org.testng.reporters.JUnitReportReporter -->
<testsuite hostname="XT7981T13AW7" name="proxim.ui.Proxim" tests="1" failures="0" timestamp="12 Oct 2018 22:11:59 GMT" time="189.514" errors="0">
  <testcase name="testCases" time="189.514" classname="proxim.ui.Proxim"/>
</testsuite> <!-- proxim.ui.Proxim -->
